<?xml version="1.0" encoding="UTF-8"?>
<!-- Generated by org.testng.reporters.JUnitReportReporter -->
<testsuite hostname="DLLB0520" name="Package2.StaticJson" tests="1" failures="0" timestamp="5 Jun 2020 15:42:58 GMT" time="7.980" errors="0">
  <testcase name="AddBook" time="7.980" classname="Package2.StaticJson"/>
</testsuite> <!-- Package2.StaticJson -->
