<?xml version="1.0" encoding="UTF-8"?>
<!-- Generated by org.testng.reporters.JUnitReportReporter -->
<testsuite hostname="DLLB0520" name="Package2.Sample2" tests="3" failures="0" timestamp="5 Jun 2020 15:24:03 GMT" time="8.642" errors="0">
  <testcase name="AddBook" time="0.235" classname="Package2.Sample2"/>
  <testcase name="AddBook" time="0.297" classname="Package2.Sample2"/>
  <testcase name="AddBook" time="8.110" classname="Package2.Sample2"/>
</testsuite> <!-- Package2.Sample2 -->
